<?xml version="1.0" encoding="UTF-8"?>
<!-- Generated by org.testng.reporters.JUnitReportReporter -->
<testsuite hostname="IND-CHN-LT12587" failures="0" tests="2" name="TestNG.Cyclic_depencency" time="0.034" errors="0" timestamp="2024-09-11T22:36:32 IST" skipped="0">
  <testcase classname="TestNG.Cyclic_depencency" name="login" time="0.031">
    <system-out>
      <![CDATA[Login to application]]>
    </system-out>
  </testcase> <!-- login -->
  <testcase classname="TestNG.Cyclic_depencency" name="logout" time="0.003">
    <system-out>
      <![CDATA[Logout from application]]>
    </system-out>
  </testcase> <!-- logout -->
  <system-out>
    <![CDATA[Login to application
Logout from application
Login to application
Logout from application
test1 started
test1 end
test2 started
test2 end]]>
  </system-out>
</testsuite> <!-- TestNG.Cyclic_depencency -->
