<?xml version="1.0" encoding="UTF-8"?>
<!-- Generated by org.testng.reporters.JUnitReportReporter -->
<testsuite hostname="IND-CHN-LT12587" failures="0" tests="4" name="ddtViaExcel.SampleTestDDT2" time="0.020" errors="0" timestamp="2024-09-21T18:33:18 IST" skipped="0">
  <testcase classname="ddtViaExcel.SampleTestDDT2" name="sample" time="0.013"/>
  <testcase classname="ddtViaExcel.SampleTestDDT2" name="sample" time="0.002"/>
  <testcase classname="ddtViaExcel.SampleTestDDT2" name="sample" time="0.002"/>
  <testcase classname="ddtViaExcel.SampleTestDDT2" name="sample" time="0.003"/>
</testsuite> <!-- ddtViaExcel.SampleTestDDT2 -->
