<?xml version="1.0" encoding="UTF-8"?>
<!-- Generated by org.testng.reporters.JUnitReportReporter -->
<testsuite hostname="IND-CHN-LT12587" failures="0" tests="1" name="ddt_crossbrowser.readExcel2" time="0.596" errors="0" timestamp="2024-09-18T15:51:01 IST" skipped="0">
  <testcase classname="ddt_crossbrowser.readExcel2" name="ReadExcel" time="0.596"/>
</testsuite> <!-- ddt_crossbrowser.readExcel2 -->
