<?xml version="1.0" encoding="UTF-8"?>
<!-- Generated by org.testng.reporters.JUnitReportReporter -->
<testsuite hostname="IND-CHN-LT12587" failures="0" tests="1" name="extentReports.ExtentReportsDemo" time="0.600" errors="0" timestamp="2024-09-22T17:19:24 IST" skipped="0">
  <testcase classname="extentReports.ExtentReportsDemo" name="generateReport" time="0.600"/>
</testsuite> <!-- extentReports.ExtentReportsDemo -->
