<?xml version="1.0" encoding="UTF-8"?>
<!-- Generated by org.testng.reporters.JUnitReportReporter -->
<testsuite hostname="IND-CHN-LT12587" failures="0" tests="4" name="Selenium_Grid.MyFirstTestNG2" time="0.032" errors="0" timestamp="2024-09-15T10:56:51 IST" skipped="0">
  <testcase classname="Selenium_Grid.MyFirstTestNG2" name="payment" time="0.003"/>
  <testcase classname="Selenium_Grid.MyFirstTestNG2" name="logout" time="0.019"/>
  <testcase classname="Selenium_Grid.MyFirstTestNG2" name="login" time="0.004"/>
  <testcase classname="Selenium_Grid.MyFirstTestNG2" name="createAccount" time="0.006"/>
</testsuite> <!-- Selenium_Grid.MyFirstTestNG2 -->
