<?xml version="1.0" encoding="UTF-8"?>
<!-- Generated by org.testng.reporters.JUnitReportReporter -->
<testsuite hostname="IND-CHN-LT12587" failures="0" tests="5" name="ddt_crossbrowser.DDT" time="19.679" errors="0" timestamp="2024-09-17T08:14:59 IST" skipped="0">
  <testcase classname="ddt_crossbrowser.DDT" name="test1" time="3.716"/>
  <testcase classname="ddt_crossbrowser.DDT" name="test1" time="3.510"/>
  <testcase classname="ddt_crossbrowser.DDT" name="test1" time="3.680"/>
  <testcase classname="ddt_crossbrowser.DDT" name="test1" time="5.284"/>
  <testcase classname="ddt_crossbrowser.DDT" name="test1" time="3.489"/>
  <system-out>
    <![CDATA[Setting up browser
application is Up & runnung
Termination session
Session terminated
Setting up browser
application is Up & runnung
Termination session
Session terminated
Setting up browser
application is Up & runnung
Termination session
Session terminated
Setting up browser
application is Up & runnung
Termination session
Session terminated
Setting up browser
application is Up & runnung
Termination session
Session terminated]]>
  </system-out>
</testsuite> <!-- ddt_crossbrowser.DDT -->
