<?xml version="1.0" encoding="UTF-8"?>
<!-- Generated by org.testng.reporters.JUnitReportReporter -->
<testsuite hostname="IND-CHN-LT12587" failures="0" tests="3" name="ddt_crossbrowser.CrossBrowserTesting" time="29.341" errors="0" timestamp="2024-09-16T18:28:17 IST" skipped="0">
  <testcase classname="ddt_crossbrowser.CrossBrowserTesting" name="login" time="10.558">
    <system-out>
      <![CDATA[Google]]>
    </system-out>
  </testcase> <!-- login -->
  <testcase classname="ddt_crossbrowser.CrossBrowserTesting" name="login" time="11.946">
    <system-out>
      <![CDATA[Google]]>
    </system-out>
  </testcase> <!-- login -->
  <testcase classname="ddt_crossbrowser.CrossBrowserTesting" name="login" time="6.837">
    <system-out>
      <![CDATA[Google]]>
    </system-out>
  </testcase> <!-- login -->
  <system-out>
    <![CDATA[Google
Google
Google]]>
  </system-out>
</testsuite> <!-- ddt_crossbrowser.CrossBrowserTesting -->
