<?xml version="1.0" encoding="UTF-8"?>
<!-- Generated by org.testng.reporters.JUnitReportReporter -->
<testsuite hostname="IND-CHN-LT12587" failures="0" tests="1" name="ddtViaExcel.ReadingConfiguration3" time="0.016" errors="0" timestamp="2024-09-21T19:14:27 IST" skipped="0">
  <testcase classname="ddtViaExcel.ReadingConfiguration3" name="readConfig" time="0.016"/>
</testsuite> <!-- ddtViaExcel.ReadingConfiguration3 -->
