<?xml version="1.0" encoding="UTF-8"?>
<!-- Generated by org.testng.reporters.JUnitReportReporter -->
<testsuite hostname="IND-CHN-LT12587" failures="0" tests="3" name="TestNG.ParallelExecution" time="0.018" errors="0" timestamp="2024-10-23T13:42:18 IST" skipped="0">
  <testcase classname="TestNG.ParallelExecution" name="test1" time="0.013">
    <system-out>
      <![CDATA[test 1 executed]]>
    </system-out>
  </testcase> <!-- test1 -->
  <testcase classname="TestNG.ParallelExecution" name="test3" time="0.002">
    <system-out>
      <![CDATA[test 3 executed]]>
    </system-out>
  </testcase> <!-- test3 -->
  <testcase classname="TestNG.ParallelExecution" name="test2" time="0.003">
    <system-out>
      <![CDATA[test 2 executed]]>
    </system-out>
  </testcase> <!-- test2 -->
  <system-out>
    <![CDATA[test 1 executed
test 2 executed
test 3 executed]]>
  </system-out>
</testsuite> <!-- TestNG.ParallelExecution -->
