<?xml version="1.0" encoding="UTF-8"?>
<!-- Generated by org.testng.reporters.JUnitReportReporter -->
<testsuite hostname="IND-CHN-LT12587" failures="0" tests="1" name="ddt_crossbrowser.readExcel_Practise" time="0.585" errors="0" timestamp="2024-09-18T13:03:12 IST" skipped="0">
  <testcase classname="ddt_crossbrowser.readExcel_Practise" name="ReadExcel" time="0.585"/>
</testsuite> <!-- ddt_crossbrowser.readExcel_Practise -->
