<?xml version="1.0" encoding="UTF-8"?>
<!-- Generated by org.testng.reporters.JUnitReportReporter -->
<testsuite hostname="IND-CHN-LT12587" failures="0" tests="4" name="ddtViaExcel.SampleTestDDT" time="0.061" errors="0" timestamp="2024-09-21T18:22:43 IST" skipped="0">
  <testcase classname="ddtViaExcel.SampleTestDDT" name="sample" time="0.025"/>
  <testcase classname="ddtViaExcel.SampleTestDDT" name="sample" time="0.017"/>
  <testcase classname="ddtViaExcel.SampleTestDDT" name="sample" time="0.014"/>
  <testcase classname="ddtViaExcel.SampleTestDDT" name="sample" time="0.005"/>
</testsuite> <!-- ddtViaExcel.SampleTestDDT -->
