<?xml version="1.0" encoding="UTF-8"?>
<!-- Generated by org.testng.reporters.JUnitReportReporter -->
<testsuite hostname="IND-CHN-LT12587" failures="0" tests="7" name="Selenium_Grid.AsserDemo" time="0.052" errors="0" timestamp="2024-09-09T07:57:41 IST" skipped="0">
  <testcase classname="Selenium_Grid.AsserDemo" name="test2" time="0.002"/>
  <testcase classname="Selenium_Grid.AsserDemo" name="test7" time="0.003"/>
  <testcase classname="Selenium_Grid.AsserDemo" name="test4" time="0.003"/>
  <testcase classname="Selenium_Grid.AsserDemo" name="test6" time="0.002"/>
  <testcase classname="Selenium_Grid.AsserDemo" name="test1" time="0.038"/>
  <testcase classname="Selenium_Grid.AsserDemo" name="test5" time="0.002"/>
  <testcase classname="Selenium_Grid.AsserDemo" name="test3" time="0.002"/>
</testsuite> <!-- Selenium_Grid.AsserDemo -->
