<?xml version="1.0" encoding="UTF-8"?>
<!-- Generated by org.testng.reporters.JUnitReportReporter -->
<testsuite hostname="IND-CHN-LT12587" failures="0" tests="3" name="Selenium_Grid.MyFirstTestNG" time="0.028" errors="0" timestamp="2024-09-15T10:56:51 IST" skipped="0">
  <testcase classname="Selenium_Grid.MyFirstTestNG" name="Test2" time="0.005"/>
  <testcase classname="Selenium_Grid.MyFirstTestNG" name="Test3" time="0.004"/>
  <testcase classname="Selenium_Grid.MyFirstTestNG" name="Test1" time="0.019"/>
</testsuite> <!-- Selenium_Grid.MyFirstTestNG -->
