<?xml version="1.0" encoding="UTF-8"?>
<!-- Generated by org.testng.reporters.JUnitReportReporter -->
<testsuite hostname="IND-CHN-LT12587" failures="0" tests="2" name="TestNGXML.SoftAssert_Demo" time="0.030" errors="0" timestamp="2024-09-11T22:57:29 IST" skipped="0">
  <testcase classname="TestNGXML.SoftAssert_Demo" name="test1" time="0.023">
    <system-out>
      <![CDATA[test1 started
test1 end]]>
    </system-out>
  </testcase> <!-- test1 -->
  <testcase classname="TestNGXML.SoftAssert_Demo" name="test2" time="0.007">
    <system-out>
      <![CDATA[test2 started
test2 end]]>
    </system-out>
  </testcase> <!-- test2 -->
  <system-out>
    <![CDATA[test1 started
test1 end
test2 started
test2 end
Login to application
Logout from application
Login to application
Logout from application]]>
  </system-out>
</testsuite> <!-- TestNGXML.SoftAssert_Demo -->
