<?xml version="1.0" encoding="UTF-8"?>
<!-- Generated by org.testng.reporters.JUnitReportReporter -->
<testsuite hostname="IND-CHN-LT12587" failures="0" tests="1" name="TestNG.SoftAssert" time="0.024" errors="0" timestamp="2024-09-11T09:07:59 IST" skipped="0">
  <testcase classname="TestNG.SoftAssert" name="test1" time="0.024">
    <system-out>
      <![CDATA[test1 started
test1 started]]>
    </system-out>
  </testcase> <!-- test1 -->
  <system-out>
    <![CDATA[test1 started
test1 started]]>
  </system-out>
</testsuite> <!-- TestNG.SoftAssert -->
