<?xml version="1.0" encoding="UTF-8"?>
<!-- Generated by org.testng.reporters.JUnitReportReporter -->
<testsuite hostname="IND-CHN-LT12587" failures="0" tests="1" name="ddtViaExcel.ReadingConfiguration" time="0.013" errors="0" timestamp="2024-09-21T19:01:55 IST" skipped="0">
  <testcase classname="ddtViaExcel.ReadingConfiguration" name="readConfig" time="0.013"/>
</testsuite> <!-- ddtViaExcel.ReadingConfiguration -->
