<?xml version="1.0" encoding="UTF-8"?>
<!-- Generated by org.testng.reporters.JUnitReportReporter -->
<testsuite hostname="IND-CHN-LT12587" failures="0" tests="1" name="extentReports.LoginTestUsingPOM" time="1.224" errors="0" timestamp="2024-09-30T21:49:12 IST" skipped="0">
  <testcase classname="extentReports.LoginTestUsingPOM" name="validLogin" time="1.224"/>
</testsuite> <!-- extentReports.LoginTestUsingPOM -->
