<?xml version="1.0" encoding="UTF-8"?>
<!-- Generated by org.testng.reporters.JUnitReportReporter -->
<testsuite hostname="IND-CHN-LT12587" failures="0" tests="3" name="TestNG.ParameterDemo" time="0.054" errors="0" timestamp="2024-09-15T11:04:10 IST" skipped="0">
  <testcase classname="TestNG.ParameterDemo" name="test1" time="0.018">
    <system-out>
      <![CDATA[browser name is chrome]]>
    </system-out>
  </testcase> <!-- test1 -->
  <testcase classname="TestNG.ParameterDemo" name="test1" time="0.018">
    <system-out>
      <![CDATA[browser name is edge]]>
    </system-out>
  </testcase> <!-- test1 -->
  <testcase classname="TestNG.ParameterDemo" name="test1" time="0.018">
    <system-out>
      <![CDATA[browser name is Firefox]]>
    </system-out>
  </testcase> <!-- test1 -->
  <system-out>
    <![CDATA[browser name is chrome
browser name is edge
browser name is Firefox]]>
  </system-out>
</testsuite> <!-- TestNG.ParameterDemo -->
