<?xml version="1.0" encoding="UTF-8"?>
<!-- Generated by org.testng.reporters.JUnitReportReporter -->
<testsuite hostname="IND-CHN-LT12587" failures="0" tests="3" name="Working_With_Locators.LocatorsDemo3" time="46.712" errors="0" timestamp="2024-09-18T17:13:40 IST" skipped="0">
  <testcase classname="Working_With_Locators.LocatorsDemo3" name="browser" time="13.290">
    <system-out>
      <![CDATA[Successfully verified]]>
    </system-out>
  </testcase> <!-- browser -->
  <testcase classname="Working_With_Locators.LocatorsDemo3" name="browser" time="15.617">
    <system-out>
      <![CDATA[Successfully verified]]>
    </system-out>
  </testcase> <!-- browser -->
  <testcase classname="Working_With_Locators.LocatorsDemo3" name="browser" time="17.805">
    <system-out>
      <![CDATA[Successfully verified]]>
    </system-out>
  </testcase> <!-- browser -->
  <system-out>
    <![CDATA[Successfully verified
Successfully verified
Successfully verified]]>
  </system-out>
</testsuite> <!-- Working_With_Locators.LocatorsDemo3 -->
