<?xml version="1.0" encoding="UTF-8"?>
<!-- Generated by org.testng.reporters.JUnitReportReporter -->
<testsuite hostname="IND-CHN-LT12587" failures="0" tests="3" name="TestNG.ParallelExecution2" time="24.532" errors="0" timestamp="2024-09-15T10:56:51 IST" skipped="0">
  <testcase classname="TestNG.ParallelExecution2" name="test2" time="11.293"/>
  <testcase classname="TestNG.ParallelExecution2" name="test3" time="4.883"/>
  <testcase classname="TestNG.ParallelExecution2" name="test1" time="8.356"/>
</testsuite> <!-- TestNG.ParallelExecution2 -->
